+ '[' x14 = x ']'
+ '[' x7 = x ']'
+ srun hostname -s
+ sort -u
+ grep -q 'release 7\.' /etc/redhat-release
+ '[' 1 -eq 0 ']'
+ awk '{ print $0 " slots=7"; }' /tmp/hosts.1874039
+ mv /tmp/tmp.1874039 /tmp/hosts.1874039
+ module load spectrum-mpi
++ /usr/share/lmod/lmod/libexec/lmod bash load spectrum-mpi
+ eval 'CCI_SMPI_SET_TS=2021082400;' export 'CCI_SMPI_SET_TS;' '__LMOD_REF_COUNT_LD_LIBRARY_PATH=/opt/ibm/spectrum_mpi/profilesupport/lib:1\;/opt/ibm/spectrum_mpi/lib:1\;/opt/mellanox/sharp/lib:1\;/opt/mellanox/hcoll/lib:1;' export '__LMOD_REF_COUNT_LD_LIBRARY_PATH;' 'LD_LIBRARY_PATH=/opt/ibm/spectrum_mpi/profilesupport/lib:/opt/ibm/spectrum_mpi/lib:/opt/mellanox/sharp/lib:/opt/mellanox/hcoll/lib;' export 'LD_LIBRARY_PATH;' 'LMOD_FAMILY_MPI=spectrum-mpi;' export 'LMOD_FAMILY_MPI;' 'LMOD_FAMILY_MPI_VERSION=10.4;' export 'LMOD_FAMILY_MPI_VERSION;' '__LMOD_REF_COUNT_LOADEDMODULES=spectrum-mpi/10.4:1;' export '__LMOD_REF_COUNT_LOADEDMODULES;' 'LOADEDMODULES=spectrum-mpi/10.4;' export 'LOADEDMODULES;' '__LMOD_REF_COUNT_MANPATH=/opt/ibm/spectrum_mpi/share/man:1;' export '__LMOD_REF_COUNT_MANPATH;' 'MANPATH=/opt/ibm/spectrum_mpi/share/man;' export 'MANPATH;' '__LMOD_REF_COUNT_MODULEPATH=/gpfs/u/software/dcs-rhel8/modulefiles/.spectrum-mpi/10.4:1\;/gpfs/u/software/dcs-rhel8/modulefiles:1;' export '__LMOD_REF_COUNT_MODULEPATH;' 'MODULEPATH=/gpfs/u/software/dcs-rhel8/modulefiles/.spectrum-mpi/10.4:/gpfs/u/software/dcs-rhel8/modulefiles;' export 'MODULEPATH;' 'MPI_ROOT=/opt/ibm/spectrum_mpi;' export 'MPI_ROOT;' 'OPAL_LIBDIR=/opt/ibm/spectrum_mpi/lib;' export 'OPAL_LIBDIR;' 'PAMI_ENABLE_STRIPING=0;' export 'PAMI_ENABLE_STRIPING;' 'PAMI_IBV_ADAPTER_AFFINITY=1;' export 'PAMI_IBV_ADAPTER_AFFINITY;' 'PAMI_IBV_ENABLE_OOO_AR=1;' export 'PAMI_IBV_ENABLE_OOO_AR;' '__LMOD_REF_COUNT_PATH=/opt/ibm/spectrum_mpi/bin:1\;/usr/lpp/mmfs/bin:1\;/usr/local/bin:1\;/usr/bin:1\;/usr/local/sbin:1\;/usr/sbin:1\;/gpfs/u/home/PCPB/PCPBhbnw/.local/bin:1\;/gpfs/u/home/PCPB/PCPBhbnw/bin:1;' export '__LMOD_REF_COUNT_PATH;' 'PATH=/opt/ibm/spectrum_mpi/bin:/usr/lpp/mmfs/bin:/usr/local/bin:/usr/bin:/usr/local/sbin:/usr/sbin:/gpfs/u/home/PCPB/PCPBhbnw/.local/bin:/gpfs/u/home/PCPB/PCPBhbnw/bin;' export 'PATH;' '__LMOD_REF_COUNT__LMFILES_=/gpfs/u/software/dcs-rhel8/modulefiles/spectrum-mpi/10.4.lua:1;' export '__LMOD_REF_COUNT__LMFILES_;' '_LMFILES_=/gpfs/u/software/dcs-rhel8/modulefiles/spectrum-mpi/10.4.lua;' export '_LMFILES_;' '_ModuleTable001_=X01vZHVsZVRhYmxlXz17WyJNVHZlcnNpb24iXT0zLFsiY19yZWJ1aWxkVGltZSJdPWZhbHNlLFsiY19zaG9ydFRpbWUiXT1mYWxzZSxkZXB0aFQ9e30sZmFtaWx5PXtbIm1waSJdPSJzcGVjdHJ1bS1tcGkiLH0sbVQ9e1sic3BlY3RydW0tbXBpIl09e1siZm4iXT0iL2dwZnMvdS9zb2Z0d2FyZS9kY3MtcmhlbDgvbW9kdWxlZmlsZXMvc3BlY3RydW0tbXBpLzEwLjQubHVhIixbImZ1bGxOYW1lIl09InNwZWN0cnVtLW1waS8xMC40IixbImxvYWRPcmRlciJdPTEscHJvcFQ9e3N0YXRlPXtbInRlc3RpbmciXT0xLH0sfSxbInN0YWNrRGVwdGgiXT0wLFsic3RhdHVzIl09ImFjdGl2ZSIsWyJ1c2VyTmFtZSJdPSJzcGVjdHJ1bS1tcGkiLH0sfSxtcGF0aEE9eyIvZ3Bmcy91L3NvZnR3;' export '_ModuleTable001_;' '_ModuleTable002_=YXJlL2Rjcy1yaGVsOC9tb2R1bGVmaWxlcy8uc3BlY3RydW0tbXBpLzEwLjQiLCIvZ3Bmcy91L3NvZnR3YXJlL2Rjcy1yaGVsOC9tb2R1bGVmaWxlcyIsfSxbInN5c3RlbUJhc2VNUEFUSCJdPSIvZ3Bmcy91L3NvZnR3YXJlL2Rjcy1yaGVsOC9tb2R1bGVmaWxlcyIsfQ==;' export '_ModuleTable002_;' '_ModuleTable_Sz_=2;' export '_ModuleTable_Sz_;'
++ CCI_SMPI_SET_TS=2021082400
++ export CCI_SMPI_SET_TS
++ __LMOD_REF_COUNT_LD_LIBRARY_PATH='/opt/ibm/spectrum_mpi/profilesupport/lib:1;/opt/ibm/spectrum_mpi/lib:1;/opt/mellanox/sharp/lib:1;/opt/mellanox/hcoll/lib:1'
++ export __LMOD_REF_COUNT_LD_LIBRARY_PATH
++ LD_LIBRARY_PATH=/opt/ibm/spectrum_mpi/profilesupport/lib:/opt/ibm/spectrum_mpi/lib:/opt/mellanox/sharp/lib:/opt/mellanox/hcoll/lib
++ export LD_LIBRARY_PATH
++ LMOD_FAMILY_MPI=spectrum-mpi
++ export LMOD_FAMILY_MPI
++ LMOD_FAMILY_MPI_VERSION=10.4
++ export LMOD_FAMILY_MPI_VERSION
++ __LMOD_REF_COUNT_LOADEDMODULES=spectrum-mpi/10.4:1
++ export __LMOD_REF_COUNT_LOADEDMODULES
++ LOADEDMODULES=spectrum-mpi/10.4
++ export LOADEDMODULES
++ __LMOD_REF_COUNT_MANPATH=/opt/ibm/spectrum_mpi/share/man:1
++ export __LMOD_REF_COUNT_MANPATH
++ MANPATH=/opt/ibm/spectrum_mpi/share/man
++ export MANPATH
++ __LMOD_REF_COUNT_MODULEPATH='/gpfs/u/software/dcs-rhel8/modulefiles/.spectrum-mpi/10.4:1;/gpfs/u/software/dcs-rhel8/modulefiles:1'
++ export __LMOD_REF_COUNT_MODULEPATH
++ MODULEPATH=/gpfs/u/software/dcs-rhel8/modulefiles/.spectrum-mpi/10.4:/gpfs/u/software/dcs-rhel8/modulefiles
++ export MODULEPATH
++ MPI_ROOT=/opt/ibm/spectrum_mpi
++ export MPI_ROOT
++ OPAL_LIBDIR=/opt/ibm/spectrum_mpi/lib
++ export OPAL_LIBDIR
++ PAMI_ENABLE_STRIPING=0
++ export PAMI_ENABLE_STRIPING
++ PAMI_IBV_ADAPTER_AFFINITY=1
++ export PAMI_IBV_ADAPTER_AFFINITY
++ PAMI_IBV_ENABLE_OOO_AR=1
++ export PAMI_IBV_ENABLE_OOO_AR
++ __LMOD_REF_COUNT_PATH='/opt/ibm/spectrum_mpi/bin:1;/usr/lpp/mmfs/bin:1;/usr/local/bin:1;/usr/bin:1;/usr/local/sbin:1;/usr/sbin:1;/gpfs/u/home/PCPB/PCPBhbnw/.local/bin:1;/gpfs/u/home/PCPB/PCPBhbnw/bin:1'
++ export __LMOD_REF_COUNT_PATH
++ PATH=/opt/ibm/spectrum_mpi/bin:/usr/lpp/mmfs/bin:/usr/local/bin:/usr/bin:/usr/local/sbin:/usr/sbin:/gpfs/u/home/PCPB/PCPBhbnw/.local/bin:/gpfs/u/home/PCPB/PCPBhbnw/bin
++ export PATH
++ __LMOD_REF_COUNT__LMFILES_=/gpfs/u/software/dcs-rhel8/modulefiles/spectrum-mpi/10.4.lua:1
++ export __LMOD_REF_COUNT__LMFILES_
++ _LMFILES_=/gpfs/u/software/dcs-rhel8/modulefiles/spectrum-mpi/10.4.lua
++ export _LMFILES_
++ _ModuleTable001_=X01vZHVsZVRhYmxlXz17WyJNVHZlcnNpb24iXT0zLFsiY19yZWJ1aWxkVGltZSJdPWZhbHNlLFsiY19zaG9ydFRpbWUiXT1mYWxzZSxkZXB0aFQ9e30sZmFtaWx5PXtbIm1waSJdPSJzcGVjdHJ1bS1tcGkiLH0sbVQ9e1sic3BlY3RydW0tbXBpIl09e1siZm4iXT0iL2dwZnMvdS9zb2Z0d2FyZS9kY3MtcmhlbDgvbW9kdWxlZmlsZXMvc3BlY3RydW0tbXBpLzEwLjQubHVhIixbImZ1bGxOYW1lIl09InNwZWN0cnVtLW1waS8xMC40IixbImxvYWRPcmRlciJdPTEscHJvcFQ9e3N0YXRlPXtbInRlc3RpbmciXT0xLH0sfSxbInN0YWNrRGVwdGgiXT0wLFsic3RhdHVzIl09ImFjdGl2ZSIsWyJ1c2VyTmFtZSJdPSJzcGVjdHJ1bS1tcGkiLH0sfSxtcGF0aEE9eyIvZ3Bmcy91L3NvZnR3
++ export _ModuleTable001_
++ _ModuleTable002_=YXJlL2Rjcy1yaGVsOC9tb2R1bGVmaWxlcy8uc3BlY3RydW0tbXBpLzEwLjQiLCIvZ3Bmcy91L3NvZnR3YXJlL2Rjcy1yaGVsOC9tb2R1bGVmaWxlcyIsfSxbInN5c3RlbUJhc2VNUEFUSCJdPSIvZ3Bmcy91L3NvZnR3YXJlL2Rjcy1yaGVsOC9tb2R1bGVmaWxlcyIsfQ==
++ export _ModuleTable002_
++ _ModuleTable_Sz_=2
++ export _ModuleTable_Sz_
++ : -s sh
+ eval
+ mpirun --bind-to core --report-bindings -hostfile /tmp/hosts.1874039 -np 14 /gpfs/u/home/PCPB/PCPBhbnw/scratch/matrix-exe 2
[dcs175:3867228] MCW rank 3 bound to socket 1[core 21[hwt 0-3]]: [..../..../..../..../..../..../..../..../..../..../..../..../..../..../..../..../..../..../..../....][..../BBBB/..../..../..../..../..../..../..../..../..../..../..../..../..../..../..../..../..../....]
[dcs175:3867228] MCW rank 4 bound to socket 0[core 2[hwt 0-3]]: [..../..../BBBB/..../..../..../..../..../..../..../..../..../..../..../..../..../..../..../..../....][..../..../..../..../..../..../..../..../..../..../..../..../..../..../..../..../..../..../..../....]
[dcs175:3867228] MCW rank 5 bound to socket 1[core 22[hwt 0-3]]: [..../..../..../..../..../..../..../..../..../..../..../..../..../..../..../..../..../..../..../....][..../..../BBBB/..../..../..../..../..../..../..../..../..../..../..../..../..../..../..../..../....]
[dcs175:3867228] MCW rank 6 bound to socket 0[core 3[hwt 0-3]]: [..../..../..../BBBB/..../..../..../..../..../..../..../..../..../..../..../..../..../..../..../....][..../..../..../..../..../..../..../..../..../..../..../..../..../..../..../..../..../..../..../....]
[dcs175:3867228] MCW rank 0 bound to socket 0[core 0[hwt 0-3]]: [BBBB/..../..../..../..../..../..../..../..../..../..../..../..../..../..../..../..../..../..../....][..../..../..../..../..../..../..../..../..../..../..../..../..../..../..../..../..../..../..../....]
[dcs175:3867228] MCW rank 1 bound to socket 1[core 20[hwt 0-3]]: [..../..../..../..../..../..../..../..../..../..../..../..../..../..../..../..../..../..../..../....][BBBB/..../..../..../..../..../..../..../..../..../..../..../..../..../..../..../..../..../..../....]
[dcs175:3867228] MCW rank 2 bound to socket 0[core 1[hwt 0-3]]: [..../BBBB/..../..../..../..../..../..../..../..../..../..../..../..../..../..../..../..../..../....][..../..../..../..../..../..../..../..../..../..../..../..../..../..../..../..../..../..../..../....]
[dcs176:1243560] MCW rank 11 bound to socket 0[core 2[hwt 0-3]]: [..../..../BBBB/..../..../..../..../..../..../..../..../..../..../..../..../..../..../..../..../....][..../..../..../..../..../..../..../..../..../..../..../..../..../..../..../..../..../..../..../....]
[dcs176:1243560] MCW rank 12 bound to socket 1[core 22[hwt 0-3]]: [..../..../..../..../..../..../..../..../..../..../..../..../..../..../..../..../..../..../..../....][..../..../BBBB/..../..../..../..../..../..../..../..../..../..../..../..../..../..../..../..../....]
[dcs176:1243560] MCW rank 13 bound to socket 0[core 3[hwt 0-3]]: [..../..../..../BBBB/..../..../..../..../..../..../..../..../..../..../..../..../..../..../..../....][..../..../..../..../..../..../..../..../..../..../..../..../..../..../..../..../..../..../..../....]
[dcs176:1243560] MCW rank 7 bound to socket 0[core 0[hwt 0-3]]: [BBBB/..../..../..../..../..../..../..../..../..../..../..../..../..../..../..../..../..../..../....][..../..../..../..../..../..../..../..../..../..../..../..../..../..../..../..../..../..../..../....]
[dcs176:1243560] MCW rank 8 bound to socket 1[core 20[hwt 0-3]]: [..../..../..../..../..../..../..../..../..../..../..../..../..../..../..../..../..../..../..../....][BBBB/..../..../..../..../..../..../..../..../..../..../..../..../..../..../..../..../..../..../....]
[dcs176:1243560] MCW rank 9 bound to socket 0[core 1[hwt 0-3]]: [..../BBBB/..../..../..../..../..../..../..../..../..../..../..../..../..../..../..../..../..../....][..../..../..../..../..../..../..../..../..../..../..../..../..../..../..../..../..../..../..../....]
[dcs176:1243560] MCW rank 10 bound to socket 1[core 21[hwt 0-3]]: [..../..../..../..../..../..../..../..../..../..../..../..../..../..../..../..../..../..../..../....][..../BBBB/..../..../..../..../..../..../..../..../..../..../..../..../..../..../..../..../..../....]
CUDA Clockcycles| Size: 10, Ranks: 14
607131646
2084262
2020142
2041447
2079075
2049995
CUDA Clockcycles| Size: 100, Ranks: 14
2511880
2168364
2367846
2363989
2290442
2340871
CUDA Clockcycles| Size: 300, Ranks: 14
2881829
2851832
2921468
3212483
3336134
2961167
CUDA Clockcycles| Size: 500, Ranks: 14
7118392
4806547
5079738
4889983
4929399
4855008
CUDA Clockcycles| Size: 800, Ranks: 14
7115794
13082539
7097307
7456608
7189020
7449777
CUDA Clockcycles| Size: 1000, Ranks: 14
9434739
9269605
8571308
8388389
9496862
8793041
CUDA Clockcycles| Size: 2000, Ranks: 14
43869156
43944603
43936293
41951136
43079097
43636777
CUDA Clockcycles| Size: 3000, Ranks: 14
128230930
131896912
129086403
128890465
128006639
128158488
+ rm /tmp/hosts.1874039
