+ '[' x28 = x ']'
+ '[' x7 = x ']'
+ srun hostname -s
+ sort -u
+ grep -q 'release 7\.' /etc/redhat-release
+ '[' 1 -eq 0 ']'
+ awk '{ print $0 " slots=7"; }' /tmp/hosts.1874040
+ mv /tmp/tmp.1874040 /tmp/hosts.1874040
+ module load spectrum-mpi
++ /usr/share/lmod/lmod/libexec/lmod bash load spectrum-mpi
+ eval 'CCI_SMPI_SET_TS=2021082400;' export 'CCI_SMPI_SET_TS;' '__LMOD_REF_COUNT_LD_LIBRARY_PATH=/opt/ibm/spectrum_mpi/profilesupport/lib:1\;/opt/ibm/spectrum_mpi/lib:1\;/opt/mellanox/sharp/lib:1\;/opt/mellanox/hcoll/lib:1;' export '__LMOD_REF_COUNT_LD_LIBRARY_PATH;' 'LD_LIBRARY_PATH=/opt/ibm/spectrum_mpi/profilesupport/lib:/opt/ibm/spectrum_mpi/lib:/opt/mellanox/sharp/lib:/opt/mellanox/hcoll/lib;' export 'LD_LIBRARY_PATH;' 'LMOD_FAMILY_MPI=spectrum-mpi;' export 'LMOD_FAMILY_MPI;' 'LMOD_FAMILY_MPI_VERSION=10.4;' export 'LMOD_FAMILY_MPI_VERSION;' '__LMOD_REF_COUNT_LOADEDMODULES=spectrum-mpi/10.4:1;' export '__LMOD_REF_COUNT_LOADEDMODULES;' 'LOADEDMODULES=spectrum-mpi/10.4;' export 'LOADEDMODULES;' '__LMOD_REF_COUNT_MANPATH=/opt/ibm/spectrum_mpi/share/man:1;' export '__LMOD_REF_COUNT_MANPATH;' 'MANPATH=/opt/ibm/spectrum_mpi/share/man;' export 'MANPATH;' '__LMOD_REF_COUNT_MODULEPATH=/gpfs/u/software/dcs-rhel8/modulefiles/.spectrum-mpi/10.4:1\;/gpfs/u/software/dcs-rhel8/modulefiles:1;' export '__LMOD_REF_COUNT_MODULEPATH;' 'MODULEPATH=/gpfs/u/software/dcs-rhel8/modulefiles/.spectrum-mpi/10.4:/gpfs/u/software/dcs-rhel8/modulefiles;' export 'MODULEPATH;' 'MPI_ROOT=/opt/ibm/spectrum_mpi;' export 'MPI_ROOT;' 'OPAL_LIBDIR=/opt/ibm/spectrum_mpi/lib;' export 'OPAL_LIBDIR;' 'PAMI_ENABLE_STRIPING=0;' export 'PAMI_ENABLE_STRIPING;' 'PAMI_IBV_ADAPTER_AFFINITY=1;' export 'PAMI_IBV_ADAPTER_AFFINITY;' 'PAMI_IBV_ENABLE_OOO_AR=1;' export 'PAMI_IBV_ENABLE_OOO_AR;' '__LMOD_REF_COUNT_PATH=/opt/ibm/spectrum_mpi/bin:1\;/usr/lpp/mmfs/bin:1\;/usr/local/bin:1\;/usr/bin:1\;/usr/local/sbin:1\;/usr/sbin:1\;/gpfs/u/home/PCPB/PCPBhbnw/.local/bin:1\;/gpfs/u/home/PCPB/PCPBhbnw/bin:1;' export '__LMOD_REF_COUNT_PATH;' 'PATH=/opt/ibm/spectrum_mpi/bin:/usr/lpp/mmfs/bin:/usr/local/bin:/usr/bin:/usr/local/sbin:/usr/sbin:/gpfs/u/home/PCPB/PCPBhbnw/.local/bin:/gpfs/u/home/PCPB/PCPBhbnw/bin;' export 'PATH;' '__LMOD_REF_COUNT__LMFILES_=/gpfs/u/software/dcs-rhel8/modulefiles/spectrum-mpi/10.4.lua:1;' export '__LMOD_REF_COUNT__LMFILES_;' '_LMFILES_=/gpfs/u/software/dcs-rhel8/modulefiles/spectrum-mpi/10.4.lua;' export '_LMFILES_;' '_ModuleTable001_=X01vZHVsZVRhYmxlXz17WyJNVHZlcnNpb24iXT0zLFsiY19yZWJ1aWxkVGltZSJdPWZhbHNlLFsiY19zaG9ydFRpbWUiXT1mYWxzZSxkZXB0aFQ9e30sZmFtaWx5PXtbIm1waSJdPSJzcGVjdHJ1bS1tcGkiLH0sbVQ9e1sic3BlY3RydW0tbXBpIl09e1siZm4iXT0iL2dwZnMvdS9zb2Z0d2FyZS9kY3MtcmhlbDgvbW9kdWxlZmlsZXMvc3BlY3RydW0tbXBpLzEwLjQubHVhIixbImZ1bGxOYW1lIl09InNwZWN0cnVtLW1waS8xMC40IixbImxvYWRPcmRlciJdPTEscHJvcFQ9e3N0YXRlPXtbInRlc3RpbmciXT0xLH0sfSxbInN0YWNrRGVwdGgiXT0wLFsic3RhdHVzIl09ImFjdGl2ZSIsWyJ1c2VyTmFtZSJdPSJzcGVjdHJ1bS1tcGkiLH0sfSxtcGF0aEE9eyIvZ3Bmcy91L3NvZnR3;' export '_ModuleTable001_;' '_ModuleTable002_=YXJlL2Rjcy1yaGVsOC9tb2R1bGVmaWxlcy8uc3BlY3RydW0tbXBpLzEwLjQiLCIvZ3Bmcy91L3NvZnR3YXJlL2Rjcy1yaGVsOC9tb2R1bGVmaWxlcyIsfSxbInN5c3RlbUJhc2VNUEFUSCJdPSIvZ3Bmcy91L3NvZnR3YXJlL2Rjcy1yaGVsOC9tb2R1bGVmaWxlcyIsfQ==;' export '_ModuleTable002_;' '_ModuleTable_Sz_=2;' export '_ModuleTable_Sz_;'
++ CCI_SMPI_SET_TS=2021082400
++ export CCI_SMPI_SET_TS
++ __LMOD_REF_COUNT_LD_LIBRARY_PATH='/opt/ibm/spectrum_mpi/profilesupport/lib:1;/opt/ibm/spectrum_mpi/lib:1;/opt/mellanox/sharp/lib:1;/opt/mellanox/hcoll/lib:1'
++ export __LMOD_REF_COUNT_LD_LIBRARY_PATH
++ LD_LIBRARY_PATH=/opt/ibm/spectrum_mpi/profilesupport/lib:/opt/ibm/spectrum_mpi/lib:/opt/mellanox/sharp/lib:/opt/mellanox/hcoll/lib
++ export LD_LIBRARY_PATH
++ LMOD_FAMILY_MPI=spectrum-mpi
++ export LMOD_FAMILY_MPI
++ LMOD_FAMILY_MPI_VERSION=10.4
++ export LMOD_FAMILY_MPI_VERSION
++ __LMOD_REF_COUNT_LOADEDMODULES=spectrum-mpi/10.4:1
++ export __LMOD_REF_COUNT_LOADEDMODULES
++ LOADEDMODULES=spectrum-mpi/10.4
++ export LOADEDMODULES
++ __LMOD_REF_COUNT_MANPATH=/opt/ibm/spectrum_mpi/share/man:1
++ export __LMOD_REF_COUNT_MANPATH
++ MANPATH=/opt/ibm/spectrum_mpi/share/man
++ export MANPATH
++ __LMOD_REF_COUNT_MODULEPATH='/gpfs/u/software/dcs-rhel8/modulefiles/.spectrum-mpi/10.4:1;/gpfs/u/software/dcs-rhel8/modulefiles:1'
++ export __LMOD_REF_COUNT_MODULEPATH
++ MODULEPATH=/gpfs/u/software/dcs-rhel8/modulefiles/.spectrum-mpi/10.4:/gpfs/u/software/dcs-rhel8/modulefiles
++ export MODULEPATH
++ MPI_ROOT=/opt/ibm/spectrum_mpi
++ export MPI_ROOT
++ OPAL_LIBDIR=/opt/ibm/spectrum_mpi/lib
++ export OPAL_LIBDIR
++ PAMI_ENABLE_STRIPING=0
++ export PAMI_ENABLE_STRIPING
++ PAMI_IBV_ADAPTER_AFFINITY=1
++ export PAMI_IBV_ADAPTER_AFFINITY
++ PAMI_IBV_ENABLE_OOO_AR=1
++ export PAMI_IBV_ENABLE_OOO_AR
++ __LMOD_REF_COUNT_PATH='/opt/ibm/spectrum_mpi/bin:1;/usr/lpp/mmfs/bin:1;/usr/local/bin:1;/usr/bin:1;/usr/local/sbin:1;/usr/sbin:1;/gpfs/u/home/PCPB/PCPBhbnw/.local/bin:1;/gpfs/u/home/PCPB/PCPBhbnw/bin:1'
++ export __LMOD_REF_COUNT_PATH
++ PATH=/opt/ibm/spectrum_mpi/bin:/usr/lpp/mmfs/bin:/usr/local/bin:/usr/bin:/usr/local/sbin:/usr/sbin:/gpfs/u/home/PCPB/PCPBhbnw/.local/bin:/gpfs/u/home/PCPB/PCPBhbnw/bin
++ export PATH
++ __LMOD_REF_COUNT__LMFILES_=/gpfs/u/software/dcs-rhel8/modulefiles/spectrum-mpi/10.4.lua:1
++ export __LMOD_REF_COUNT__LMFILES_
++ _LMFILES_=/gpfs/u/software/dcs-rhel8/modulefiles/spectrum-mpi/10.4.lua
++ export _LMFILES_
++ _ModuleTable001_=X01vZHVsZVRhYmxlXz17WyJNVHZlcnNpb24iXT0zLFsiY19yZWJ1aWxkVGltZSJdPWZhbHNlLFsiY19zaG9ydFRpbWUiXT1mYWxzZSxkZXB0aFQ9e30sZmFtaWx5PXtbIm1waSJdPSJzcGVjdHJ1bS1tcGkiLH0sbVQ9e1sic3BlY3RydW0tbXBpIl09e1siZm4iXT0iL2dwZnMvdS9zb2Z0d2FyZS9kY3MtcmhlbDgvbW9kdWxlZmlsZXMvc3BlY3RydW0tbXBpLzEwLjQubHVhIixbImZ1bGxOYW1lIl09InNwZWN0cnVtLW1waS8xMC40IixbImxvYWRPcmRlciJdPTEscHJvcFQ9e3N0YXRlPXtbInRlc3RpbmciXT0xLH0sfSxbInN0YWNrRGVwdGgiXT0wLFsic3RhdHVzIl09ImFjdGl2ZSIsWyJ1c2VyTmFtZSJdPSJzcGVjdHJ1bS1tcGkiLH0sfSxtcGF0aEE9eyIvZ3Bmcy91L3NvZnR3
++ export _ModuleTable001_
++ _ModuleTable002_=YXJlL2Rjcy1yaGVsOC9tb2R1bGVmaWxlcy8uc3BlY3RydW0tbXBpLzEwLjQiLCIvZ3Bmcy91L3NvZnR3YXJlL2Rjcy1yaGVsOC9tb2R1bGVmaWxlcyIsfSxbInN5c3RlbUJhc2VNUEFUSCJdPSIvZ3Bmcy91L3NvZnR3YXJlL2Rjcy1yaGVsOC9tb2R1bGVmaWxlcyIsfQ==
++ export _ModuleTable002_
++ _ModuleTable_Sz_=2
++ export _ModuleTable_Sz_
++ : -s sh
+ eval
+ mpirun --bind-to core --report-bindings -hostfile /tmp/hosts.1874040 -np 28 /gpfs/u/home/PCPB/PCPBhbnw/scratch/matrix-exe 2
[dcs192:2363855] MCW rank 5 bound to socket 1[core 22[hwt 0-3]]: [..../..../..../..../..../..../..../..../..../..../..../..../..../..../..../..../..../..../..../....][..../..../BBBB/..../..../..../..../..../..../..../..../..../..../..../..../..../..../..../..../....]
[dcs192:2363855] MCW rank 6 bound to socket 0[core 3[hwt 0-3]]: [..../..../..../BBBB/..../..../..../..../..../..../..../..../..../..../..../..../..../..../..../....][..../..../..../..../..../..../..../..../..../..../..../..../..../..../..../..../..../..../..../....]
[dcs192:2363855] MCW rank 0 bound to socket 0[core 0[hwt 0-3]]: [BBBB/..../..../..../..../..../..../..../..../..../..../..../..../..../..../..../..../..../..../....][..../..../..../..../..../..../..../..../..../..../..../..../..../..../..../..../..../..../..../....]
[dcs192:2363855] MCW rank 1 bound to socket 1[core 20[hwt 0-3]]: [..../..../..../..../..../..../..../..../..../..../..../..../..../..../..../..../..../..../..../....][BBBB/..../..../..../..../..../..../..../..../..../..../..../..../..../..../..../..../..../..../....]
[dcs192:2363855] MCW rank 2 bound to socket 0[core 1[hwt 0-3]]: [..../BBBB/..../..../..../..../..../..../..../..../..../..../..../..../..../..../..../..../..../....][..../..../..../..../..../..../..../..../..../..../..../..../..../..../..../..../..../..../..../....]
[dcs192:2363855] MCW rank 3 bound to socket 1[core 21[hwt 0-3]]: [..../..../..../..../..../..../..../..../..../..../..../..../..../..../..../..../..../..../..../....][..../BBBB/..../..../..../..../..../..../..../..../..../..../..../..../..../..../..../..../..../....]
[dcs192:2363855] MCW rank 4 bound to socket 0[core 2[hwt 0-3]]: [..../..../BBBB/..../..../..../..../..../..../..../..../..../..../..../..../..../..../..../..../....][..../..../..../..../..../..../..../..../..../..../..../..../..../..../..../..../..../..../..../....]
[dcs194:3565553] MCW rank 14 bound to socket 0[core 0[hwt 0-3]]: [BBBB/..../..../..../..../..../..../..../..../..../..../..../..../..../..../..../..../..../..../....][..../..../..../..../..../..../..../..../..../..../..../..../..../..../..../..../..../..../..../....]
[dcs194:3565553] MCW rank 15 bound to socket 1[core 20[hwt 0-3]]: [..../..../..../..../..../..../..../..../..../..../..../..../..../..../..../..../..../..../..../....][BBBB/..../..../..../..../..../..../..../..../..../..../..../..../..../..../..../..../..../..../....]
[dcs194:3565553] MCW rank 16 bound to socket 0[core 1[hwt 0-3]]: [..../BBBB/..../..../..../..../..../..../..../..../..../..../..../..../..../..../..../..../..../....][..../..../..../..../..../..../..../..../..../..../..../..../..../..../..../..../..../..../..../....]
[dcs194:3565553] MCW rank 17 bound to socket 1[core 21[hwt 0-3]]: [..../..../..../..../..../..../..../..../..../..../..../..../..../..../..../..../..../..../..../....][..../BBBB/..../..../..../..../..../..../..../..../..../..../..../..../..../..../..../..../..../....]
[dcs194:3565553] MCW rank 18 bound to socket 0[core 2[hwt 0-3]]: [..../..../BBBB/..../..../..../..../..../..../..../..../..../..../..../..../..../..../..../..../....][..../..../..../..../..../..../..../..../..../..../..../..../..../..../..../..../..../..../..../....]
[dcs194:3565553] MCW rank 19 bound to socket 1[core 22[hwt 0-3]]: [..../..../..../..../..../..../..../..../..../..../..../..../..../..../..../..../..../..../..../....][..../..../BBBB/..../..../..../..../..../..../..../..../..../..../..../..../..../..../..../..../....]
[dcs194:3565553] MCW rank 20 bound to socket 0[core 3[hwt 0-3]]: [..../..../..../BBBB/..../..../..../..../..../..../..../..../..../..../..../..../..../..../..../....][..../..../..../..../..../..../..../..../..../..../..../..../..../..../..../..../..../..../..../....]
[dcs195:2181644] MCW rank 27 bound to socket 0[core 3[hwt 0-3]]: [..../..../..../BBBB/..../..../..../..../..../..../..../..../..../..../..../..../..../..../..../....][..../..../..../..../..../..../..../..../..../..../..../..../..../..../..../..../..../..../..../....]
[dcs195:2181644] MCW rank 21 bound to socket 0[core 0[hwt 0-3]]: [BBBB/..../..../..../..../..../..../..../..../..../..../..../..../..../..../..../..../..../..../....][..../..../..../..../..../..../..../..../..../..../..../..../..../..../..../..../..../..../..../....]
[dcs195:2181644] MCW rank 22 bound to socket 1[core 20[hwt 0-3]]: [..../..../..../..../..../..../..../..../..../..../..../..../..../..../..../..../..../..../..../....][BBBB/..../..../..../..../..../..../..../..../..../..../..../..../..../..../..../..../..../..../....]
[dcs195:2181644] MCW rank 23 bound to socket 0[core 1[hwt 0-3]]: [..../BBBB/..../..../..../..../..../..../..../..../..../..../..../..../..../..../..../..../..../....][..../..../..../..../..../..../..../..../..../..../..../..../..../..../..../..../..../..../..../....]
[dcs195:2181644] MCW rank 24 bound to socket 1[core 21[hwt 0-3]]: [..../..../..../..../..../..../..../..../..../..../..../..../..../..../..../..../..../..../..../....][..../BBBB/..../..../..../..../..../..../..../..../..../..../..../..../..../..../..../..../..../....]
[dcs195:2181644] MCW rank 25 bound to socket 0[core 2[hwt 0-3]]: [..../..../BBBB/..../..../..../..../..../..../..../..../..../..../..../..../..../..../..../..../....][..../..../..../..../..../..../..../..../..../..../..../..../..../..../..../..../..../..../..../....]
[dcs195:2181644] MCW rank 26 bound to socket 1[core 22[hwt 0-3]]: [..../..../..../..../..../..../..../..../..../..../..../..../..../..../..../..../..../..../..../....][..../..../BBBB/..../..../..../..../..../..../..../..../..../..../..../..../..../..../..../..../....]
[dcs193:195903] MCW rank 8 bound to socket 1[core 20[hwt 0-3]]: [..../..../..../..../..../..../..../..../..../..../..../..../..../..../..../..../..../..../..../....][BBBB/..../..../..../..../..../..../..../..../..../..../..../..../..../..../..../..../..../..../....]
[dcs193:195903] MCW rank 9 bound to socket 0[core 1[hwt 0-3]]: [..../BBBB/..../..../..../..../..../..../..../..../..../..../..../..../..../..../..../..../..../....][..../..../..../..../..../..../..../..../..../..../..../..../..../..../..../..../..../..../..../....]
[dcs193:195903] MCW rank 10 bound to socket 1[core 21[hwt 0-3]]: [..../..../..../..../..../..../..../..../..../..../..../..../..../..../..../..../..../..../..../....][..../BBBB/..../..../..../..../..../..../..../..../..../..../..../..../..../..../..../..../..../....]
[dcs193:195903] MCW rank 11 bound to socket 0[core 2[hwt 0-3]]: [..../..../BBBB/..../..../..../..../..../..../..../..../..../..../..../..../..../..../..../..../....][..../..../..../..../..../..../..../..../..../..../..../..../..../..../..../..../..../..../..../....]
[dcs193:195903] MCW rank 12 bound to socket 1[core 22[hwt 0-3]]: [..../..../..../..../..../..../..../..../..../..../..../..../..../..../..../..../..../..../..../....][..../..../BBBB/..../..../..../..../..../..../..../..../..../..../..../..../..../..../..../..../....]
[dcs193:195903] MCW rank 13 bound to socket 0[core 3[hwt 0-3]]: [..../..../..../BBBB/..../..../..../..../..../..../..../..../..../..../..../..../..../..../..../....][..../..../..../..../..../..../..../..../..../..../..../..../..../..../..../..../..../..../..../....]
[dcs193:195903] MCW rank 7 bound to socket 0[core 0[hwt 0-3]]: [BBBB/..../..../..../..../..../..../..../..../..../..../..../..../..../..../..../..../..../..../....][..../..../..../..../..../..../..../..../..../..../..../..../..../..../..../..../..../..../..../....]
CUDA Clockcycles| Size: 10, Ranks: 28
604377654
2160109
2150567
2122069
2108491
2148190
CUDA Clockcycles| Size: 100, Ranks: 28
2544602
2372990
2384698
4461482
2411142
2330665
CUDA Clockcycles| Size: 300, Ranks: 28
3302871
3601818
3407759
3308334
5375129
3262327
CUDA Clockcycles| Size: 500, Ranks: 28
6559000
6530417
6365729
6182861
6550099
6475802
CUDA Clockcycles| Size: 800, Ranks: 28
11335534
11006317
10898755
10909753
10962122
10774329
CUDA Clockcycles| Size: 1000, Ranks: 28
15255434
14610896
20236436
21118227
14392863
14621124
CUDA Clockcycles| Size: 2000, Ranks: 28
49316615
54551888
54989969
56082817
56698077
56140666
CUDA Clockcycles| Size: 3000, Ranks: 28
137002607
137238142
131956978
137919164
137536239
140306228
+ rm /tmp/hosts.1874040
